<?xml version="1.0" encoding="UTF-8"?>
<testsuite xmlns:xsi="http://www.w3.org/2001/XMLSchema-instance" xsi:noNamespaceSchemaLocation="https://maven.apache.org/surefire/maven-surefire-plugin/xsd/surefire-test-report.xsd" name="cn.wavely.http.proxy.ProxyFactoryTest" time="0.005" tests="0" errors="0" skipped="0" failures="0">
  <properties>
    <property name="gopherProxySet" value="false"/>
    <property name="awt.toolkit" value="sun.lwawt.macosx.LWCToolkit"/>
    <property name="socksProxyHost" value="127.0.0.1"/>
    <property name="http.proxyHost" value="127.0.0.1"/>
    <property name="java.specification.version" value="1.8"/>
    <property name="file.encoding.pkg" value="sun.io"/>
    <property name="sun.cpu.isalist" value=""/>
    <property name="sun.jnu.encoding" value="UTF-8"/>
    <property name="java.class.path" value="/Users/admin/IdeaProjects/boss-wavely-http/target/test-classes:/Users/admin/IdeaProjects/boss-wavely-http/target/classes:/Users/admin/IdeaProjects/repository/org/springframework/boot/spring-boot-starter-web/2.6.9/spring-boot-starter-web-2.6.9.jar:/Users/admin/IdeaProjects/repository/org/springframework/boot/spring-boot-starter/2.6.9/spring-boot-starter-2.6.9.jar:/Users/admin/IdeaProjects/repository/org/springframework/boot/spring-boot/2.6.9/spring-boot-2.6.9.jar:/Users/admin/IdeaProjects/repository/org/springframework/boot/spring-boot-autoconfigure/2.6.9/spring-boot-autoconfigure-2.6.9.jar:/Users/admin/IdeaProjects/repository/org/springframework/boot/spring-boot-starter-logging/2.6.9/spring-boot-starter-logging-2.6.9.jar:/Users/admin/IdeaProjects/repository/ch/qos/logback/logback-classic/1.2.11/logback-classic-1.2.11.jar:/Users/admin/IdeaProjects/repository/ch/qos/logback/logback-core/1.2.11/logback-core-1.2.11.jar:/Users/admin/IdeaProjects/repository/org/slf4j/slf4j-api/1.7.36/slf4j-api-1.7.36.jar:/Users/admin/IdeaProjects/repository/org/apache/logging/log4j/log4j-to-slf4j/2.17.2/log4j-to-slf4j-2.17.2.jar:/Users/admin/IdeaProjects/repository/org/apache/logging/log4j/log4j-api/2.17.2/log4j-api-2.17.2.jar:/Users/admin/IdeaProjects/repository/org/slf4j/jul-to-slf4j/1.7.36/jul-to-slf4j-1.7.36.jar:/Users/admin/IdeaProjects/repository/jakarta/annotation/jakarta.annotation-api/1.3.5/jakarta.annotation-api-1.3.5.jar:/Users/admin/IdeaProjects/repository/org/yaml/snakeyaml/1.29/snakeyaml-1.29.jar:/Users/admin/IdeaProjects/repository/org/springframework/boot/spring-boot-starter-json/2.6.9/spring-boot-starter-json-2.6.9.jar:/Users/admin/IdeaProjects/repository/com/fasterxml/jackson/core/jackson-databind/2.13.3/jackson-databind-2.13.3.jar:/Users/admin/IdeaProjects/repository/com/fasterxml/jackson/core/jackson-annotations/2.13.3/jackson-annotations-2.13.3.jar:/Users/admin/IdeaProjects/repository/com/fasterxml/jackson/core/jackson-core/2.13.3/jackson-core-2.13.3.jar:/Users/admin/IdeaProjects/repository/com/fasterxml/jackson/datatype/jackson-datatype-jdk8/2.13.3/jackson-datatype-jdk8-2.13.3.jar:/Users/admin/IdeaProjects/repository/com/fasterxml/jackson/datatype/jackson-datatype-jsr310/2.13.3/jackson-datatype-jsr310-2.13.3.jar:/Users/admin/IdeaProjects/repository/com/fasterxml/jackson/module/jackson-module-parameter-names/2.13.3/jackson-module-parameter-names-2.13.3.jar:/Users/admin/IdeaProjects/repository/org/springframework/boot/spring-boot-starter-tomcat/2.6.9/spring-boot-starter-tomcat-2.6.9.jar:/Users/admin/IdeaProjects/repository/org/apache/tomcat/embed/tomcat-embed-core/9.0.64/tomcat-embed-core-9.0.64.jar:/Users/admin/IdeaProjects/repository/org/apache/tomcat/embed/tomcat-embed-el/9.0.64/tomcat-embed-el-9.0.64.jar:/Users/admin/IdeaProjects/repository/org/apache/tomcat/embed/tomcat-embed-websocket/9.0.64/tomcat-embed-websocket-9.0.64.jar:/Users/admin/IdeaProjects/repository/org/springframework/spring-web/5.3.21/spring-web-5.3.21.jar:/Users/admin/IdeaProjects/repository/org/springframework/spring-beans/5.3.21/spring-beans-5.3.21.jar:/Users/admin/IdeaProjects/repository/org/springframework/spring-webmvc/5.3.21/spring-webmvc-5.3.21.jar:/Users/admin/IdeaProjects/repository/org/springframework/spring-aop/5.3.21/spring-aop-5.3.21.jar:/Users/admin/IdeaProjects/repository/org/springframework/spring-context/5.3.21/spring-context-5.3.21.jar:/Users/admin/IdeaProjects/repository/org/springframework/spring-expression/5.3.21/spring-expression-5.3.21.jar:/Users/admin/IdeaProjects/repository/org/springframework/spring-core/5.3.18/spring-core-5.3.18.jar:/Users/admin/IdeaProjects/repository/org/springframework/spring-jcl/5.3.21/spring-jcl-5.3.21.jar:/Users/admin/IdeaProjects/repository/com/squareup/okhttp3/okhttp/4.2.0/okhttp-4.2.0.jar:/Users/admin/IdeaProjects/repository/com/squareup/okio/okio/2.2.2/okio-2.2.2.jar:/Users/admin/IdeaProjects/repository/org/jetbrains/kotlin/kotlin-stdlib/1.6.21/kotlin-stdlib-1.6.21.jar:/Users/admin/IdeaProjects/repository/org/jetbrains/kotlin/kotlin-stdlib-common/1.6.21/kotlin-stdlib-common-1.6.21.jar:/Users/admin/IdeaProjects/repository/org/jetbrains/annotations/13.0/annotations-13.0.jar:/Users/admin/IdeaProjects/repository/org/projectlombok/lombok/1.16.18/lombok-1.16.18.jar:/Users/admin/IdeaProjects/repository/com/alibaba/fastjson/1.2.71/fastjson-1.2.71.jar:"/>
    <property name="https.proxyPort" value="33210"/>
    <property name="java.vm.vendor" value="Oracle Corporation"/>
    <property name="sun.arch.data.model" value="64"/>
    <property name="java.vendor.url" value="http://java.oracle.com/"/>
    <property name="user.timezone" value=""/>
    <property name="user.country.format" value="CN"/>
    <property name="java.vm.specification.version" value="1.8"/>
    <property name="os.name" value="Mac OS X"/>
    <property name="user.country" value="US"/>
    <property name="sun.java.launcher" value="SUN_STANDARD"/>
    <property name="sun.boot.library.path" value="/Library/Java/JavaVirtualMachines/jdk1.8.0_271.jdk/Contents/Home/jre/lib"/>
    <property name="sun.java.command" value="/Users/admin/IdeaProjects/boss-wavely-http/target/surefire/surefirebooter3359679173338490946.jar /Users/admin/IdeaProjects/boss-wavely-http/target/surefire 2022-09-02T17-25-52_751-jvmRun1 surefire1397229567252427880tmp surefire_06262102159343284355tmp"/>
    <property name="surefire.test.class.path" value="/Users/admin/IdeaProjects/boss-wavely-http/target/test-classes:/Users/admin/IdeaProjects/boss-wavely-http/target/classes:/Users/admin/IdeaProjects/repository/org/springframework/boot/spring-boot-starter-web/2.6.9/spring-boot-starter-web-2.6.9.jar:/Users/admin/IdeaProjects/repository/org/springframework/boot/spring-boot-starter/2.6.9/spring-boot-starter-2.6.9.jar:/Users/admin/IdeaProjects/repository/org/springframework/boot/spring-boot/2.6.9/spring-boot-2.6.9.jar:/Users/admin/IdeaProjects/repository/org/springframework/boot/spring-boot-autoconfigure/2.6.9/spring-boot-autoconfigure-2.6.9.jar:/Users/admin/IdeaProjects/repository/org/springframework/boot/spring-boot-starter-logging/2.6.9/spring-boot-starter-logging-2.6.9.jar:/Users/admin/IdeaProjects/repository/ch/qos/logback/logback-classic/1.2.11/logback-classic-1.2.11.jar:/Users/admin/IdeaProjects/repository/ch/qos/logback/logback-core/1.2.11/logback-core-1.2.11.jar:/Users/admin/IdeaProjects/repository/org/slf4j/slf4j-api/1.7.36/slf4j-api-1.7.36.jar:/Users/admin/IdeaProjects/repository/org/apache/logging/log4j/log4j-to-slf4j/2.17.2/log4j-to-slf4j-2.17.2.jar:/Users/admin/IdeaProjects/repository/org/apache/logging/log4j/log4j-api/2.17.2/log4j-api-2.17.2.jar:/Users/admin/IdeaProjects/repository/org/slf4j/jul-to-slf4j/1.7.36/jul-to-slf4j-1.7.36.jar:/Users/admin/IdeaProjects/repository/jakarta/annotation/jakarta.annotation-api/1.3.5/jakarta.annotation-api-1.3.5.jar:/Users/admin/IdeaProjects/repository/org/yaml/snakeyaml/1.29/snakeyaml-1.29.jar:/Users/admin/IdeaProjects/repository/org/springframework/boot/spring-boot-starter-json/2.6.9/spring-boot-starter-json-2.6.9.jar:/Users/admin/IdeaProjects/repository/com/fasterxml/jackson/core/jackson-databind/2.13.3/jackson-databind-2.13.3.jar:/Users/admin/IdeaProjects/repository/com/fasterxml/jackson/core/jackson-annotations/2.13.3/jackson-annotations-2.13.3.jar:/Users/admin/IdeaProjects/repository/com/fasterxml/jackson/core/jackson-core/2.13.3/jackson-core-2.13.3.jar:/Users/admin/IdeaProjects/repository/com/fasterxml/jackson/datatype/jackson-datatype-jdk8/2.13.3/jackson-datatype-jdk8-2.13.3.jar:/Users/admin/IdeaProjects/repository/com/fasterxml/jackson/datatype/jackson-datatype-jsr310/2.13.3/jackson-datatype-jsr310-2.13.3.jar:/Users/admin/IdeaProjects/repository/com/fasterxml/jackson/module/jackson-module-parameter-names/2.13.3/jackson-module-parameter-names-2.13.3.jar:/Users/admin/IdeaProjects/repository/org/springframework/boot/spring-boot-starter-tomcat/2.6.9/spring-boot-starter-tomcat-2.6.9.jar:/Users/admin/IdeaProjects/repository/org/apache/tomcat/embed/tomcat-embed-core/9.0.64/tomcat-embed-core-9.0.64.jar:/Users/admin/IdeaProjects/repository/org/apache/tomcat/embed/tomcat-embed-el/9.0.64/tomcat-embed-el-9.0.64.jar:/Users/admin/IdeaProjects/repository/org/apache/tomcat/embed/tomcat-embed-websocket/9.0.64/tomcat-embed-websocket-9.0.64.jar:/Users/admin/IdeaProjects/repository/org/springframework/spring-web/5.3.21/spring-web-5.3.21.jar:/Users/admin/IdeaProjects/repository/org/springframework/spring-beans/5.3.21/spring-beans-5.3.21.jar:/Users/admin/IdeaProjects/repository/org/springframework/spring-webmvc/5.3.21/spring-webmvc-5.3.21.jar:/Users/admin/IdeaProjects/repository/org/springframework/spring-aop/5.3.21/spring-aop-5.3.21.jar:/Users/admin/IdeaProjects/repository/org/springframework/spring-context/5.3.21/spring-context-5.3.21.jar:/Users/admin/IdeaProjects/repository/org/springframework/spring-expression/5.3.21/spring-expression-5.3.21.jar:/Users/admin/IdeaProjects/repository/org/springframework/spring-core/5.3.18/spring-core-5.3.18.jar:/Users/admin/IdeaProjects/repository/org/springframework/spring-jcl/5.3.21/spring-jcl-5.3.21.jar:/Users/admin/IdeaProjects/repository/com/squareup/okhttp3/okhttp/4.2.0/okhttp-4.2.0.jar:/Users/admin/IdeaProjects/repository/com/squareup/okio/okio/2.2.2/okio-2.2.2.jar:/Users/admin/IdeaProjects/repository/org/jetbrains/kotlin/kotlin-stdlib/1.6.21/kotlin-stdlib-1.6.21.jar:/Users/admin/IdeaProjects/repository/org/jetbrains/kotlin/kotlin-stdlib-common/1.6.21/kotlin-stdlib-common-1.6.21.jar:/Users/admin/IdeaProjects/repository/org/jetbrains/annotations/13.0/annotations-13.0.jar:/Users/admin/IdeaProjects/repository/org/projectlombok/lombok/1.16.18/lombok-1.16.18.jar:/Users/admin/IdeaProjects/repository/com/alibaba/fastjson/1.2.71/fastjson-1.2.71.jar:"/>
    <property name="sun.cpu.endian" value="little"/>
    <property name="user.home" value="/Users/admin"/>
    <property name="user.language" value="en"/>
    <property name="java.specification.vendor" value="Oracle Corporation"/>
    <property name="java.home" value="/Library/Java/JavaVirtualMachines/jdk1.8.0_271.jdk/Contents/Home/jre"/>
    <property name="basedir" value="/Users/admin/IdeaProjects/boss-wavely-http"/>
    <property name="https.proxyHost" value="127.0.0.1"/>
    <property name="file.separator" value="/"/>
    <property name="line.separator" value="&#10;"/>
    <property name="java.vm.specification.vendor" value="Oracle Corporation"/>
    <property name="java.specification.name" value="Java Platform API Specification"/>
    <property name="java.awt.graphicsenv" value="sun.awt.CGraphicsEnvironment"/>
    <property name="surefire.real.class.path" value="/Users/admin/IdeaProjects/boss-wavely-http/target/surefire/surefirebooter3359679173338490946.jar"/>
    <property name="sun.boot.class.path" value="/Library/Java/JavaVirtualMachines/jdk1.8.0_271.jdk/Contents/Home/jre/lib/resources.jar:/Library/Java/JavaVirtualMachines/jdk1.8.0_271.jdk/Contents/Home/jre/lib/rt.jar:/Library/Java/JavaVirtualMachines/jdk1.8.0_271.jdk/Contents/Home/jre/lib/sunrsasign.jar:/Library/Java/JavaVirtualMachines/jdk1.8.0_271.jdk/Contents/Home/jre/lib/jsse.jar:/Library/Java/JavaVirtualMachines/jdk1.8.0_271.jdk/Contents/Home/jre/lib/jce.jar:/Library/Java/JavaVirtualMachines/jdk1.8.0_271.jdk/Contents/Home/jre/lib/charsets.jar:/Library/Java/JavaVirtualMachines/jdk1.8.0_271.jdk/Contents/Home/jre/lib/jfr.jar:/Library/Java/JavaVirtualMachines/jdk1.8.0_271.jdk/Contents/Home/jre/classes"/>
    <property name="sun.management.compiler" value="HotSpot 64-Bit Tiered Compilers"/>
    <property name="java.runtime.version" value="1.8.0_271-b09"/>
    <property name="user.name" value="admin"/>
    <property name="path.separator" value=":"/>
    <property name="os.version" value="10.16"/>
    <property name="java.endorsed.dirs" value="/Library/Java/JavaVirtualMachines/jdk1.8.0_271.jdk/Contents/Home/jre/lib/endorsed"/>
    <property name="java.runtime.name" value="Java(TM) SE Runtime Environment"/>
    <property name="file.encoding" value="UTF-8"/>
    <property name="java.vm.name" value="Java HotSpot(TM) 64-Bit Server VM"/>
    <property name="localRepository" value="/Users/admin/IdeaProjects/repository"/>
    <property name="java.vendor.url.bug" value="http://bugreport.sun.com/bugreport/"/>
    <property name="java.io.tmpdir" value="/var/folders/f3/qvvl_hd11875t7lr11v63hj00000gn/T/"/>
    <property name="idea.version" value="2020.3.2"/>
    <property name="java.version" value="1.8.0_271"/>
    <property name="user.dir" value="/Users/admin/IdeaProjects/boss-wavely-http"/>
    <property name="os.arch" value="x86_64"/>
    <property name="socksProxyPort" value="33211"/>
    <property name="java.vm.specification.name" value="Java Virtual Machine Specification"/>
    <property name="java.awt.printerjob" value="sun.lwawt.macosx.CPrinterJob"/>
    <property name="sun.os.patch.level" value="unknown"/>
    <property name="java.library.path" value="/Users/admin/Library/Java/Extensions:/Library/Java/Extensions:/Network/Library/Java/Extensions:/System/Library/Java/Extensions:/usr/lib/java:."/>
    <property name="java.vm.info" value="mixed mode"/>
    <property name="java.vendor" value="Oracle Corporation"/>
    <property name="java.vm.version" value="25.271-b09"/>
    <property name="java.ext.dirs" value="/Users/admin/Library/Java/Extensions:/Library/Java/JavaVirtualMachines/jdk1.8.0_271.jdk/Contents/Home/jre/lib/ext:/Library/Java/Extensions:/Network/Library/Java/Extensions:/System/Library/Java/Extensions:/usr/lib/java"/>
    <property name="sun.io.unicode.encoding" value="UnicodeBig"/>
    <property name="maven.repo.local" value="/Users/admin/IdeaProjects/repository"/>
    <property name="java.class.version" value="52.0"/>
    <property name="http.proxyPort" value="33210"/>
  </properties>
</testsuite>